  main.cpp
c:\users\天行\source\repos\snshare\snshare\main.cpp(230): warning C4312: '類型轉換': 將 'unsigned int' 轉換為較大的 'void *'
c:\users\天行\source\repos\snshare\snshare\main.cpp(259): warning C4312: '類型轉換': 將 'unsigned int' 轉換為較大的 'void *'
c:\users\天行\source\repos\snshare\snshare\main.cpp(263): warning C4312: '類型轉換': 將 'unsigned int' 轉換為較大的 'void *'
     正在建立程式庫 C:\Users\天行\source\repos\SNshare\x64\Release\SNshare.lib 和物件 C:\Users\天行\source\repos\SNshare\x64\Release\SNshare.exp
  正在產生程式碼
  22 of 1399 functions ( 1.6%) were compiled, the rest were copied from previous compilation.
    1 functions were new in current compilation
    5 functions had inline decision re-evaluated but remain unchanged
  已完成程式碼產生
glfw3.lib(context.obj) : warning LNK4049: 本機定義的符號 sscanf 已匯入
glfw3.lib(init.obj) : warning LNK4049: 本機定義的符號 vsnprintf 已匯入
MSVCRT.lib(vsnprintf.obj) : warning LNK4049: 本機定義的符號 vsnprintf 已匯入
MSVCRT.lib(vsnprintf.obj) : warning LNK4049: 本機定義的符號 _vsnprintf 已匯入
mysqlcppconn-static.lib(mysql_art_resultset.obj) : warning LNK4099: 找不到 PDB 'mysqlcppconn-static.pdb' (有 'mysqlcppconn-static.lib(mysql_art_resultset.obj)' 或位於 'C:\Users\天行\source\repos\SNshare\x64\Release\mysqlcppconn-static.pdb')，當做沒有偵錯資訊，連結物件
mysqlcppconn-static.lib(mysql_art_rset_metadata.obj) : warning LNK4099: 找不到 PDB 'mysqlcppconn-static.pdb' (有 'mysqlcppconn-static.lib(mysql_art_rset_metadata.obj)' 或位於 'C:\Users\天行\source\repos\SNshare\x64\Release\mysqlcppconn-static.pdb')，當做沒有偵錯資訊，連結物件
mysqlcppconn-static.lib(mysql_connection.obj) : warning LNK4099: 找不到 PDB 'mysqlcppconn-static.pdb' (有 'mysqlcppconn-static.lib(mysql_connection.obj)' 或位於 'C:\Users\天行\source\repos\SNshare\x64\Release\mysqlcppconn-static.pdb')，當做沒有偵錯資訊，連結物件
mysqlcppconn-static.lib(mysql_debug.obj) : warning LNK4099: 找不到 PDB 'mysqlcppconn-static.pdb' (有 'mysqlcppconn-static.lib(mysql_debug.obj)' 或位於 'C:\Users\天行\source\repos\SNshare\x64\Release\mysqlcppconn-static.pdb')，當做沒有偵錯資訊，連結物件
mysqlcppconn-static.lib(mysql_driver.obj) : warning LNK4099: 找不到 PDB 'mysqlcppconn-static.pdb' (有 'mysqlcppconn-static.lib(mysql_driver.obj)' 或位於 'C:\Users\天行\source\repos\SNshare\x64\Release\mysqlcppconn-static.pdb')，當做沒有偵錯資訊，連結物件
mysqlcppconn-static.lib(mysql_metadata.obj) : warning LNK4099: 找不到 PDB 'mysqlcppconn-static.pdb' (有 'mysqlcppconn-static.lib(mysql_metadata.obj)' 或位於 'C:\Users\天行\source\repos\SNshare\x64\Release\mysqlcppconn-static.pdb')，當做沒有偵錯資訊，連結物件
mysqlcppconn-static.lib(mysql_parameter_metadata.obj) : warning LNK4099: 找不到 PDB 'mysqlcppconn-static.pdb' (有 'mysqlcppconn-static.lib(mysql_parameter_metadata.obj)' 或位於 'C:\Users\天行\source\repos\SNshare\x64\Release\mysqlcppconn-static.pdb')，當做沒有偵錯資訊，連結物件
mysqlcppconn-static.lib(mysql_prepared_statement.obj) : warning LNK4099: 找不到 PDB 'mysqlcppconn-static.pdb' (有 'mysqlcppconn-static.lib(mysql_prepared_statement.obj)' 或位於 'C:\Users\天行\source\repos\SNshare\x64\Release\mysqlcppconn-static.pdb')，當做沒有偵錯資訊，連結物件
mysqlcppconn-static.lib(mysql_ps_resultset.obj) : warning LNK4099: 找不到 PDB 'mysqlcppconn-static.pdb' (有 'mysqlcppconn-static.lib(mysql_ps_resultset.obj)' 或位於 'C:\Users\天行\source\repos\SNshare\x64\Release\mysqlcppconn-static.pdb')，當做沒有偵錯資訊，連結物件
mysqlcppconn-static.lib(mysql_ps_resultset_metadata.obj) : warning LNK4099: 找不到 PDB 'mysqlcppconn-static.pdb' (有 'mysqlcppconn-static.lib(mysql_ps_resultset_metadata.obj)' 或位於 'C:\Users\天行\source\repos\SNshare\x64\Release\mysqlcppconn-static.pdb')，當做沒有偵錯資訊，連結物件
mysqlcppconn-static.lib(mysql_resultbind.obj) : warning LNK4099: 找不到 PDB 'mysqlcppconn-static.pdb' (有 'mysqlcppconn-static.lib(mysql_resultbind.obj)' 或位於 'C:\Users\天行\source\repos\SNshare\x64\Release\mysqlcppconn-static.pdb')，當做沒有偵錯資訊，連結物件
mysqlcppconn-static.lib(mysql_resultset.obj) : warning LNK4099: 找不到 PDB 'mysqlcppconn-static.pdb' (有 'mysqlcppconn-static.lib(mysql_resultset.obj)' 或位於 'C:\Users\天行\source\repos\SNshare\x64\Release\mysqlcppconn-static.pdb')，當做沒有偵錯資訊，連結物件
mysqlcppconn-static.lib(mysql_resultset_metadata.obj) : warning LNK4099: 找不到 PDB 'mysqlcppconn-static.pdb' (有 'mysqlcppconn-static.lib(mysql_resultset_metadata.obj)' 或位於 'C:\Users\天行\source\repos\SNshare\x64\Release\mysqlcppconn-static.pdb')，當做沒有偵錯資訊，連結物件
mysqlcppconn-static.lib(mysql_statement.obj) : warning LNK4099: 找不到 PDB 'mysqlcppconn-static.pdb' (有 'mysqlcppconn-static.lib(mysql_statement.obj)' 或位於 'C:\Users\天行\source\repos\SNshare\x64\Release\mysqlcppconn-static.pdb')，當做沒有偵錯資訊，連結物件
mysqlcppconn-static.lib(mysql_util.obj) : warning LNK4099: 找不到 PDB 'mysqlcppconn-static.pdb' (有 'mysqlcppconn-static.lib(mysql_util.obj)' 或位於 'C:\Users\天行\source\repos\SNshare\x64\Release\mysqlcppconn-static.pdb')，當做沒有偵錯資訊，連結物件
mysqlcppconn-static.lib(mysql_warning.obj) : warning LNK4099: 找不到 PDB 'mysqlcppconn-static.pdb' (有 'mysqlcppconn-static.lib(mysql_warning.obj)' 或位於 'C:\Users\天行\source\repos\SNshare\x64\Release\mysqlcppconn-static.pdb')，當做沒有偵錯資訊，連結物件
mysqlcppconn-static.lib(mysql_uri.obj) : warning LNK4099: 找不到 PDB 'mysqlcppconn-static.pdb' (有 'mysqlcppconn-static.lib(mysql_uri.obj)' 或位於 'C:\Users\天行\source\repos\SNshare\x64\Release\mysqlcppconn-static.pdb')，當做沒有偵錯資訊，連結物件
mysqlcppconn-static.lib(mysql_client_api.obj) : warning LNK4099: 找不到 PDB 'mysqlcppconn-static.pdb' (有 'mysqlcppconn-static.lib(mysql_client_api.obj)' 或位於 'C:\Users\天行\source\repos\SNshare\x64\Release\mysqlcppconn-static.pdb')，當做沒有偵錯資訊，連結物件
mysqlcppconn-static.lib(mysql_native_driver_wrapper.obj) : warning LNK4099: 找不到 PDB 'mysqlcppconn-static.pdb' (有 'mysqlcppconn-static.lib(mysql_native_driver_wrapper.obj)' 或位於 'C:\Users\天行\source\repos\SNshare\x64\Release\mysqlcppconn-static.pdb')，當做沒有偵錯資訊，連結物件
mysqlcppconn-static.lib(mysql_native_connection_wrapper.obj) : warning LNK4099: 找不到 PDB 'mysqlcppconn-static.pdb' (有 'mysqlcppconn-static.lib(mysql_native_connection_wrapper.obj)' 或位於 'C:\Users\天行\source\repos\SNshare\x64\Release\mysqlcppconn-static.pdb')，當做沒有偵錯資訊，連結物件
mysqlcppconn-static.lib(mysql_native_statement_wrapper.obj) : warning LNK4099: 找不到 PDB 'mysqlcppconn-static.pdb' (有 'mysqlcppconn-static.lib(mysql_native_statement_wrapper.obj)' 或位於 'C:\Users\天行\source\repos\SNshare\x64\Release\mysqlcppconn-static.pdb')，當做沒有偵錯資訊，連結物件
mysqlcppconn-static.lib(mysql_native_resultset_wrapper.obj) : warning LNK4099: 找不到 PDB 'mysqlcppconn-static.pdb' (有 'mysqlcppconn-static.lib(mysql_native_resultset_wrapper.obj)' 或位於 'C:\Users\天行\source\repos\SNshare\x64\Release\mysqlcppconn-static.pdb')，當做沒有偵錯資訊，連結物件
  SNshare.vcxproj -> C:\Users\天行\source\repos\SNshare\x64\Release\SNshare.exe
