c:\users\天行\source\repos\snshare\snshare\x64\release\vc141.pdb
c:\users\天行\source\repos\snshare\snshare\x64\release\main.obj
c:\users\天行\source\repos\snshare\snshare\x64\release\imgui_impl_glfw_gl3.obj
c:\users\天行\source\repos\snshare\snshare\x64\release\imgui_draw.obj
c:\users\天行\source\repos\snshare\snshare\x64\release\imgui_demo.obj
c:\users\天行\source\repos\snshare\snshare\x64\release\imgui.obj
c:\users\天行\source\repos\snshare\snshare\x64\release\gl3w.obj
c:\users\天行\source\repos\snshare\x64\release\snshare.exe
c:\users\天行\source\repos\snshare\x64\release\snshare.pdb
c:\users\天行\source\repos\snshare\x64\release\snshare.lib
c:\users\天行\source\repos\snshare\x64\release\snshare.exp
c:\users\天行\source\repos\snshare\x64\release\snshare.ipdb
c:\users\天行\source\repos\snshare\x64\release\snshare.iobj
c:\users\天行\source\repos\snshare\snshare\x64\release\snshare.tlog\cl.command.1.tlog
c:\users\天行\source\repos\snshare\snshare\x64\release\snshare.tlog\cl.read.1.tlog
c:\users\天行\source\repos\snshare\snshare\x64\release\snshare.tlog\cl.write.1.tlog
c:\users\天行\source\repos\snshare\snshare\x64\release\snshare.tlog\link.command.1.tlog
c:\users\天行\source\repos\snshare\snshare\x64\release\snshare.tlog\link.read.1.tlog
c:\users\天行\source\repos\snshare\snshare\x64\release\snshare.tlog\link.write.1.tlog
c:\users\天行\source\repos\snshare\snshare\x64\release\snshare.tlog\snshare.write.1u.tlog
