  imgui.cpp
  imgui_demo.cpp
  imgui_draw.cpp
  imgui_impl_glfw_gl3.cpp
  main.cpp
c:\program files\mysql\mysql-connector-c++-noinstall-1.0.5-win32-vs2005\include\cppconn\exception.h(47): warning C4251: 'sql::SQLException::sql_state': class 'std::basic_string<char,std::char_traits<char>,std::allocator<char>>' 必須有 DLL 介面，才能被為 class 'sql::SQLException' 的用戶端使用
  d:\program files (x86)\microsoft visual studio\2017\community\vc\tools\msvc\14.14.26428\include\xstring(4347): note: 請參閱 'std::basic_string<char,std::char_traits<char>,std::allocator<char>>' 的宣告
c:\users\天行\source\repos\snshare\snshare\main.cpp(45): warning C4007: 'WinMain': 必須為 '__stdcall'
c:\users\天行\source\repos\snshare\snshare\main.cpp(69): warning C4018: '<': signed/unsigned 不相符
c:\users\天行\source\repos\snshare\snshare\main.cpp(220): warning C4018: '<': signed/unsigned 不相符
c:\users\天行\source\repos\snshare\snshare\main.cpp(276): warning C4018: '<': signed/unsigned 不相符
c:\users\天行\source\repos\snshare\snshare\main.cpp(297): warning C4018: '<': signed/unsigned 不相符
c:\users\天行\source\repos\snshare\snshare\main.cpp(403): warning C4018: '<': signed/unsigned 不相符
  gl3w.c
  正在產生程式碼
  All 1396 functions were compiled because no usable IPDB/IOBJ from previous compilation was found.
  已完成程式碼產生
glfw3.lib(context.obj) : warning LNK4049: 本機定義的符號 _sscanf 已匯入
glfw3.lib(init.obj) : warning LNK4049: 本機定義的符號 _vsnprintf 已匯入
MSVCRT.lib(vsnprintf.obj) : warning LNK4049: 本機定義的符號 _vsnprintf 已匯入
MSVCRT.lib(vsnprintf.obj) : warning LNK4049: 本機定義的符號 __vsnprintf 已匯入
  SNshare.vcxproj -> C:\Users\天行\source\repos\SNshare\Release\SNshare.exe
